<?xml version="1.0" encoding="UTF-8"?>
<!-- Generated by org.testng.reporters.JUnitReportReporter -->
<testsuite skipped="0" hostname="Kabilan" name="Googletest.SampleGoogletest" tests="1" failures="0" timestamp="16 Apr 2023 06:22:51 GMT" time="5.810" errors="0">
  <testcase name="validateBing" time="5.810" classname="Googletest.SampleGoogletest"/>
</testsuite> <!-- Googletest.SampleGoogletest -->
